Performing C++ SOURCE FILE Test CXX_HAS_SSE4_1_1 failed with the following compile output:
Change Dir: /home/ubuntu/github/gottingen/titan-ann/build/CMakeFiles/CMakeTmp

Run Build Command(s):/usr/bin/gmake -f Makefile cmTC_f7c8b/fast && /usr/bin/gmake  -f CMakeFiles/cmTC_f7c8b.dir/build.make CMakeFiles/cmTC_f7c8b.dir/build
gmake[1]: 进入目录“/home/ubuntu/github/gottingen/titan-ann/build/CMakeFiles/CMakeTmp”
Building CXX object CMakeFiles/cmTC_f7c8b.dir/src.cxx.o
/usr/bin/c++ -DCXX_HAS_SSE4_1_1  -msse4.1 -o CMakeFiles/cmTC_f7c8b.dir/src.cxx.o -c /home/ubuntu/github/gottingen/titan-ann/build/CMakeFiles/CMakeTmp/src.cxx
/home/ubuntu/github/gottingen/titan-ann/build/CMakeFiles/CMakeTmp/src.cxx: In function ‘int main()’:
/home/ubuntu/github/gottingen/titan-ann/build/CMakeFiles/CMakeTmp/src.cxx:6:25: error: too many initializers for ‘__m128i’
    6 |     __m128i a = {0,0,0,0}, b = {0,0,0,0};
      |                         ^
/home/ubuntu/github/gottingen/titan-ann/build/CMakeFiles/CMakeTmp/src.cxx:6:40: error: too many initializers for ‘__m128i’
    6 |     __m128i a = {0,0,0,0}, b = {0,0,0,0};
      |                                        ^
gmake[1]: *** [CMakeFiles/cmTC_f7c8b.dir/build.make:78：CMakeFiles/cmTC_f7c8b.dir/src.cxx.o] 错误 1
gmake[1]: 离开目录“/home/ubuntu/github/gottingen/titan-ann/build/CMakeFiles/CMakeTmp”
gmake: *** [Makefile:127：cmTC_f7c8b/fast] 错误 2


...and run output:

Return value: 1
Source file was:

  #include <smmintrin.h>

  int main ()
  {
    __m128i a = {0,0,0,0}, b = {0,0,0,0};
    __m128i res = _mm_max_epi8(a, b); // SSE4_1

    return 0;
  }

Performing C++ SOURCE FILE Test CXX_HAS_SSE4_1_2 failed with the following compile output:
Change Dir: /home/ubuntu/github/gottingen/titan-ann/build/CMakeFiles/CMakeTmp

Run Build Command(s):/usr/bin/gmake -f Makefile cmTC_bb9ec/fast && /usr/bin/gmake  -f CMakeFiles/cmTC_bb9ec.dir/build.make CMakeFiles/cmTC_bb9ec.dir/build
gmake[1]: 进入目录“/home/ubuntu/github/gottingen/titan-ann/build/CMakeFiles/CMakeTmp”
Building CXX object CMakeFiles/cmTC_bb9ec.dir/src.cxx.o
/usr/bin/c++ -DCXX_HAS_SSE4_1_2  -msse4 -o CMakeFiles/cmTC_bb9ec.dir/src.cxx.o -c /home/ubuntu/github/gottingen/titan-ann/build/CMakeFiles/CMakeTmp/src.cxx
/home/ubuntu/github/gottingen/titan-ann/build/CMakeFiles/CMakeTmp/src.cxx: In function ‘int main()’:
/home/ubuntu/github/gottingen/titan-ann/build/CMakeFiles/CMakeTmp/src.cxx:6:25: error: too many initializers for ‘__m128i’
    6 |     __m128i a = {0,0,0,0}, b = {0,0,0,0};
      |                         ^
/home/ubuntu/github/gottingen/titan-ann/build/CMakeFiles/CMakeTmp/src.cxx:6:40: error: too many initializers for ‘__m128i’
    6 |     __m128i a = {0,0,0,0}, b = {0,0,0,0};
      |                                        ^
gmake[1]: *** [CMakeFiles/cmTC_bb9ec.dir/build.make:78：CMakeFiles/cmTC_bb9ec.dir/src.cxx.o] 错误 1
gmake[1]: 离开目录“/home/ubuntu/github/gottingen/titan-ann/build/CMakeFiles/CMakeTmp”
gmake: *** [Makefile:127：cmTC_bb9ec/fast] 错误 2


...and run output:

Return value: 1
Source file was:

  #include <smmintrin.h>

  int main ()
  {
    __m128i a = {0,0,0,0}, b = {0,0,0,0};
    __m128i res = _mm_max_epi8(a, b); // SSE4_1

    return 0;
  }

Performing C++ SOURCE FILE Test CXX_HAS_SSE4_1_3 failed with the following compile output:
Change Dir: /home/ubuntu/github/gottingen/titan-ann/build/CMakeFiles/CMakeTmp

Run Build Command(s):/usr/bin/gmake -f Makefile cmTC_0efda/fast && /usr/bin/gmake  -f CMakeFiles/cmTC_0efda.dir/build.make CMakeFiles/cmTC_0efda.dir/build
gmake[1]: 进入目录“/home/ubuntu/github/gottingen/titan-ann/build/CMakeFiles/CMakeTmp”
Building CXX object CMakeFiles/cmTC_0efda.dir/src.cxx.o
/usr/bin/c++ -DCXX_HAS_SSE4_1_3  /arch:SSE4 -o CMakeFiles/cmTC_0efda.dir/src.cxx.o -c /home/ubuntu/github/gottingen/titan-ann/build/CMakeFiles/CMakeTmp/src.cxx
/home/ubuntu/github/gottingen/titan-ann/build/CMakeFiles/CMakeTmp/src.cxx: In function ‘int main()’:
/home/ubuntu/github/gottingen/titan-ann/build/CMakeFiles/CMakeTmp/src.cxx:6:25: error: too many initializers for ‘__m128i’
    6 |     __m128i a = {0,0,0,0}, b = {0,0,0,0};
      |                         ^
/home/ubuntu/github/gottingen/titan-ann/build/CMakeFiles/CMakeTmp/src.cxx:6:40: error: too many initializers for ‘__m128i’
    6 |     __m128i a = {0,0,0,0}, b = {0,0,0,0};
      |                                        ^
gmake[1]: *** [CMakeFiles/cmTC_0efda.dir/build.make:78：CMakeFiles/cmTC_0efda.dir/src.cxx.o] 错误 1
gmake[1]: 离开目录“/home/ubuntu/github/gottingen/titan-ann/build/CMakeFiles/CMakeTmp”
gmake: *** [Makefile:127：cmTC_0efda/fast] 错误 2


...and run output:

Return value: 1
Source file was:

  #include <smmintrin.h>

  int main ()
  {
    __m128i a = {0,0,0,0}, b = {0,0,0,0};
    __m128i res = _mm_max_epi8(a, b); // SSE4_1

    return 0;
  }

Performing C++ SOURCE FILE Test CXX_HAS_SSE4_2_1 failed with the following compile output:
Change Dir: /home/ubuntu/github/gottingen/titan-ann/build/CMakeFiles/CMakeTmp

Run Build Command(s):/usr/bin/gmake -f Makefile cmTC_88a7a/fast && /usr/bin/gmake  -f CMakeFiles/cmTC_88a7a.dir/build.make CMakeFiles/cmTC_88a7a.dir/build
gmake[1]: 进入目录“/home/ubuntu/github/gottingen/titan-ann/build/CMakeFiles/CMakeTmp”
Building CXX object CMakeFiles/cmTC_88a7a.dir/src.cxx.o
/usr/bin/c++ -DCXX_HAS_SSE4_2_1  -msse4.2 -o CMakeFiles/cmTC_88a7a.dir/src.cxx.o -c /home/ubuntu/github/gottingen/titan-ann/build/CMakeFiles/CMakeTmp/src.cxx
/home/ubuntu/github/gottingen/titan-ann/build/CMakeFiles/CMakeTmp/src.cxx: In function ‘int main()’:
/home/ubuntu/github/gottingen/titan-ann/build/CMakeFiles/CMakeTmp/src.cxx:6:25: error: too many initializers for ‘__m128i’
    6 |     __m128i a = {0,0,0,0}, b = {0,0,0,0}, c = {0,0,0,0};
      |                         ^
/home/ubuntu/github/gottingen/titan-ann/build/CMakeFiles/CMakeTmp/src.cxx:6:40: error: too many initializers for ‘__m128i’
    6 |     __m128i a = {0,0,0,0}, b = {0,0,0,0}, c = {0,0,0,0};
      |                                        ^
/home/ubuntu/github/gottingen/titan-ann/build/CMakeFiles/CMakeTmp/src.cxx:6:55: error: too many initializers for ‘__m128i’
    6 |     __m128i a = {0,0,0,0}, b = {0,0,0,0}, c = {0,0,0,0};
      |                                                       ^
gmake[1]: *** [CMakeFiles/cmTC_88a7a.dir/build.make:78：CMakeFiles/cmTC_88a7a.dir/src.cxx.o] 错误 1
gmake[1]: 离开目录“/home/ubuntu/github/gottingen/titan-ann/build/CMakeFiles/CMakeTmp”
gmake: *** [Makefile:127：cmTC_88a7a/fast] 错误 2


...and run output:

Return value: 1
Source file was:

  #include <nmmintrin.h>

  int main()
  {
    __m128i a = {0,0,0,0}, b = {0,0,0,0}, c = {0,0,0,0};
    c = _mm_cmpgt_epi64(a, b);  // SSE4_2
    return 0;
  }

Performing C++ SOURCE FILE Test CXX_HAS_SSE4_2_2 failed with the following compile output:
Change Dir: /home/ubuntu/github/gottingen/titan-ann/build/CMakeFiles/CMakeTmp

Run Build Command(s):/usr/bin/gmake -f Makefile cmTC_75e30/fast && /usr/bin/gmake  -f CMakeFiles/cmTC_75e30.dir/build.make CMakeFiles/cmTC_75e30.dir/build
gmake[1]: 进入目录“/home/ubuntu/github/gottingen/titan-ann/build/CMakeFiles/CMakeTmp”
Building CXX object CMakeFiles/cmTC_75e30.dir/src.cxx.o
/usr/bin/c++ -DCXX_HAS_SSE4_2_2  -msse4 -o CMakeFiles/cmTC_75e30.dir/src.cxx.o -c /home/ubuntu/github/gottingen/titan-ann/build/CMakeFiles/CMakeTmp/src.cxx
/home/ubuntu/github/gottingen/titan-ann/build/CMakeFiles/CMakeTmp/src.cxx: In function ‘int main()’:
/home/ubuntu/github/gottingen/titan-ann/build/CMakeFiles/CMakeTmp/src.cxx:6:25: error: too many initializers for ‘__m128i’
    6 |     __m128i a = {0,0,0,0}, b = {0,0,0,0}, c = {0,0,0,0};
      |                         ^
/home/ubuntu/github/gottingen/titan-ann/build/CMakeFiles/CMakeTmp/src.cxx:6:40: error: too many initializers for ‘__m128i’
    6 |     __m128i a = {0,0,0,0}, b = {0,0,0,0}, c = {0,0,0,0};
      |                                        ^
/home/ubuntu/github/gottingen/titan-ann/build/CMakeFiles/CMakeTmp/src.cxx:6:55: error: too many initializers for ‘__m128i’
    6 |     __m128i a = {0,0,0,0}, b = {0,0,0,0}, c = {0,0,0,0};
      |                                                       ^
gmake[1]: *** [CMakeFiles/cmTC_75e30.dir/build.make:78：CMakeFiles/cmTC_75e30.dir/src.cxx.o] 错误 1
gmake[1]: 离开目录“/home/ubuntu/github/gottingen/titan-ann/build/CMakeFiles/CMakeTmp”
gmake: *** [Makefile:127：cmTC_75e30/fast] 错误 2


...and run output:

Return value: 1
Source file was:

  #include <nmmintrin.h>

  int main()
  {
    __m128i a = {0,0,0,0}, b = {0,0,0,0}, c = {0,0,0,0};
    c = _mm_cmpgt_epi64(a, b);  // SSE4_2
    return 0;
  }

Performing C++ SOURCE FILE Test CXX_HAS_SSE4_2_3 failed with the following compile output:
Change Dir: /home/ubuntu/github/gottingen/titan-ann/build/CMakeFiles/CMakeTmp

Run Build Command(s):/usr/bin/gmake -f Makefile cmTC_9b2b7/fast && /usr/bin/gmake  -f CMakeFiles/cmTC_9b2b7.dir/build.make CMakeFiles/cmTC_9b2b7.dir/build
gmake[1]: 进入目录“/home/ubuntu/github/gottingen/titan-ann/build/CMakeFiles/CMakeTmp”
Building CXX object CMakeFiles/cmTC_9b2b7.dir/src.cxx.o
/usr/bin/c++ -DCXX_HAS_SSE4_2_3  /arch:SSE4 -o CMakeFiles/cmTC_9b2b7.dir/src.cxx.o -c /home/ubuntu/github/gottingen/titan-ann/build/CMakeFiles/CMakeTmp/src.cxx
/home/ubuntu/github/gottingen/titan-ann/build/CMakeFiles/CMakeTmp/src.cxx: In function ‘int main()’:
/home/ubuntu/github/gottingen/titan-ann/build/CMakeFiles/CMakeTmp/src.cxx:6:25: error: too many initializers for ‘__m128i’
    6 |     __m128i a = {0,0,0,0}, b = {0,0,0,0}, c = {0,0,0,0};
      |                         ^
/home/ubuntu/github/gottingen/titan-ann/build/CMakeFiles/CMakeTmp/src.cxx:6:40: error: too many initializers for ‘__m128i’
    6 |     __m128i a = {0,0,0,0}, b = {0,0,0,0}, c = {0,0,0,0};
      |                                        ^
/home/ubuntu/github/gottingen/titan-ann/build/CMakeFiles/CMakeTmp/src.cxx:6:55: error: too many initializers for ‘__m128i’
    6 |     __m128i a = {0,0,0,0}, b = {0,0,0,0}, c = {0,0,0,0};
      |                                                       ^
gmake[1]: *** [CMakeFiles/cmTC_9b2b7.dir/build.make:78：CMakeFiles/cmTC_9b2b7.dir/src.cxx.o] 错误 1
gmake[1]: 离开目录“/home/ubuntu/github/gottingen/titan-ann/build/CMakeFiles/CMakeTmp”
gmake: *** [Makefile:127：cmTC_9b2b7/fast] 错误 2


...and run output:

Return value: 1
Source file was:

  #include <nmmintrin.h>

  int main()
  {
    __m128i a = {0,0,0,0}, b = {0,0,0,0}, c = {0,0,0,0};
    c = _mm_cmpgt_epi64(a, b);  // SSE4_2
    return 0;
  }

Performing C++ SOURCE FILE Test CXX_HAS_AVX512_1 failed with the following compile output:
Change Dir: /home/ubuntu/github/gottingen/titan-ann/build/CMakeFiles/CMakeTmp

Run Build Command(s):/usr/bin/gmake -f Makefile cmTC_c59c2/fast && /usr/bin/gmake  -f CMakeFiles/cmTC_c59c2.dir/build.make CMakeFiles/cmTC_c59c2.dir/build
gmake[1]: 进入目录“/home/ubuntu/github/gottingen/titan-ann/build/CMakeFiles/CMakeTmp”
Building CXX object CMakeFiles/cmTC_c59c2.dir/src.cxx.o
/usr/bin/c++ -DCXX_HAS_AVX512_1  -mavx512 -o CMakeFiles/cmTC_c59c2.dir/src.cxx.o -c /home/ubuntu/github/gottingen/titan-ann/build/CMakeFiles/CMakeTmp/src.cxx
c++: error: unrecognized command-line option ‘-mavx512’; did you mean ‘-mavx512f’?
gmake[1]: *** [CMakeFiles/cmTC_c59c2.dir/build.make:78：CMakeFiles/cmTC_c59c2.dir/src.cxx.o] 错误 1
gmake[1]: 离开目录“/home/ubuntu/github/gottingen/titan-ann/build/CMakeFiles/CMakeTmp”
gmake: *** [Makefile:127：cmTC_c59c2/fast] 错误 2


...and run output:

Return value: 1
Source file was:

#if defined __AVX512__ || defined __AVX512F__
#include <immintrin.h>
void test()
{
    __m512i zmm = _mm512_setzero_si512();
#if defined __GNUC__ && defined __x86_64__
    asm volatile ("" : : : "zmm16", "zmm17", "zmm18", "zmm19");
#endif
}
#else
#error "AVX512 is not supported"
#endif
int main() { return 0; }
Performing C++ SOURCE FILE Test CXX_HAS_AVX512_2 failed with the following compile output:
Change Dir: /home/ubuntu/github/gottingen/titan-ann/build/CMakeFiles/CMakeTmp

Run Build Command(s):/usr/bin/gmake -f Makefile cmTC_33bd2/fast && /usr/bin/gmake  -f CMakeFiles/cmTC_33bd2.dir/build.make CMakeFiles/cmTC_33bd2.dir/build
gmake[1]: 进入目录“/home/ubuntu/github/gottingen/titan-ann/build/CMakeFiles/CMakeTmp”
Building CXX object CMakeFiles/cmTC_33bd2.dir/src.cxx.o
/usr/bin/c++ -DCXX_HAS_AVX512_2  /arch:AVX512 -o CMakeFiles/cmTC_33bd2.dir/src.cxx.o -c /home/ubuntu/github/gottingen/titan-ann/build/CMakeFiles/CMakeTmp/src.cxx
/home/ubuntu/github/gottingen/titan-ann/build/CMakeFiles/CMakeTmp/src.cxx:12:2: error: #error "AVX512 is not supported"
   12 | #error "AVX512 is not supported"
      |  ^~~~~
gmake[1]: *** [CMakeFiles/cmTC_33bd2.dir/build.make:78：CMakeFiles/cmTC_33bd2.dir/src.cxx.o] 错误 1
gmake[1]: 离开目录“/home/ubuntu/github/gottingen/titan-ann/build/CMakeFiles/CMakeTmp”
gmake: *** [Makefile:127：cmTC_33bd2/fast] 错误 2


...and run output:

Return value: 1
Source file was:

#if defined __AVX512__ || defined __AVX512F__
#include <immintrin.h>
void test()
{
    __m512i zmm = _mm512_setzero_si512();
#if defined __GNUC__ && defined __x86_64__
    asm volatile ("" : : : "zmm16", "zmm17", "zmm18", "zmm19");
#endif
}
#else
#error "AVX512 is not supported"
#endif
int main() { return 0; }
Performing C++ SOURCE FILE Test OPENMP_HAVE_WFORMAT_PEDANTIC_FLAG failed with the following output:
Change Dir: /home/ubuntu/github/gottingen/titan-ann/build/CMakeFiles/CMakeTmp

Run Build Command(s):/usr/bin/gmake -f Makefile cmTC_aab7e/fast && /usr/bin/gmake  -f CMakeFiles/cmTC_aab7e.dir/build.make CMakeFiles/cmTC_aab7e.dir/build
gmake[1]: Entering directory '/home/ubuntu/github/gottingen/titan-ann/build/CMakeFiles/CMakeTmp'
Building CXX object CMakeFiles/cmTC_aab7e.dir/src.cxx.o
/usr/bin/c++ -DOPENMP_HAVE_WFORMAT_PEDANTIC_FLAG  -Wformat-pedantic -o CMakeFiles/cmTC_aab7e.dir/src.cxx.o -c /home/ubuntu/github/gottingen/titan-ann/build/CMakeFiles/CMakeTmp/src.cxx
c++: error: unrecognized command-line option '-Wformat-pedantic'; did you mean '-Wno-pedantic'?
gmake[1]: *** [CMakeFiles/cmTC_aab7e.dir/build.make:78: CMakeFiles/cmTC_aab7e.dir/src.cxx.o] Error 1
gmake[1]: Leaving directory '/home/ubuntu/github/gottingen/titan-ann/build/CMakeFiles/CMakeTmp'
gmake: *** [Makefile:127: cmTC_aab7e/fast] Error 2


Source file was:
int main() { return 0; }
Performing C SOURCE FILE Test LIBOMP_HAVE_MMIC_FLAG failed with the following output:
Change Dir: /home/ubuntu/github/gottingen/titan-ann/build/CMakeFiles/CMakeTmp

Run Build Command(s):/usr/bin/gmake -f Makefile cmTC_677e6/fast && /usr/bin/gmake  -f CMakeFiles/cmTC_677e6.dir/build.make CMakeFiles/cmTC_677e6.dir/build
gmake[1]: Entering directory '/home/ubuntu/github/gottingen/titan-ann/build/CMakeFiles/CMakeTmp'
Building C object CMakeFiles/cmTC_677e6.dir/src.c.o
/usr/bin/cc -DLIBOMP_HAVE_MMIC_FLAG  -Wall -Wcast-qual -Wimplicit-fallthrough -Wsign-compare -Wno-extra -Wno-pedantic -Wno-maybe-uninitialized -mmic   -mmic -o CMakeFiles/cmTC_677e6.dir/src.c.o -c /home/ubuntu/github/gottingen/titan-ann/build/CMakeFiles/CMakeTmp/src.c
cc: error: unrecognized command-line option '-mmic'
cc: error: unrecognized command-line option '-mmic'
gmake[1]: *** [CMakeFiles/cmTC_677e6.dir/build.make:78: CMakeFiles/cmTC_677e6.dir/src.c.o] Error 1
gmake[1]: Leaving directory '/home/ubuntu/github/gottingen/titan-ann/build/CMakeFiles/CMakeTmp'
gmake: *** [Makefile:127: cmTC_677e6/fast] Error 2


Source file was:
int main(void) { return 0; }
Performing C SOURCE FILE Test LIBOMP_HAVE_M32_FLAG failed with the following output:
Change Dir: /home/ubuntu/github/gottingen/titan-ann/build/CMakeFiles/CMakeTmp

Run Build Command(s):/usr/bin/gmake -f Makefile cmTC_1f17d/fast && /usr/bin/gmake  -f CMakeFiles/cmTC_1f17d.dir/build.make CMakeFiles/cmTC_1f17d.dir/build
gmake[1]: Entering directory '/home/ubuntu/github/gottingen/titan-ann/build/CMakeFiles/CMakeTmp'
Building C object CMakeFiles/cmTC_1f17d.dir/src.c.o
/usr/bin/cc -DLIBOMP_HAVE_M32_FLAG  -Wall -Wcast-qual -Wimplicit-fallthrough -Wsign-compare -Wno-extra -Wno-pedantic -Wno-maybe-uninitialized -m32   -m32 -o CMakeFiles/cmTC_1f17d.dir/src.c.o -c /home/ubuntu/github/gottingen/titan-ann/build/CMakeFiles/CMakeTmp/src.c
Linking C executable cmTC_1f17d
/usr/bin/cmake -E cmake_link_script CMakeFiles/cmTC_1f17d.dir/link.txt --verbose=1
/usr/bin/cc  -Wall -Wcast-qual -Wimplicit-fallthrough -Wsign-compare -Wno-extra -Wno-pedantic -Wno-maybe-uninitialized -m32 CMakeFiles/cmTC_1f17d.dir/src.c.o -o cmTC_1f17d 
/usr/bin/ld: cannot find Scrt1.o: No such file or directory
/usr/bin/ld: cannot find crti.o: No such file or directory
/usr/bin/ld: skipping incompatible /usr/lib/gcc/x86_64-linux-gnu/11/libgcc.a when searching for -lgcc
/usr/bin/ld: cannot find -lgcc: No such file or directory
/usr/bin/ld: skipping incompatible /usr/lib/gcc/x86_64-linux-gnu/11/libgcc.a when searching for -lgcc
/usr/bin/ld: cannot find -lgcc: No such file or directory
collect2: error: ld returned 1 exit status
gmake[1]: *** [CMakeFiles/cmTC_1f17d.dir/build.make:99: cmTC_1f17d] Error 1
gmake[1]: Leaving directory '/home/ubuntu/github/gottingen/titan-ann/build/CMakeFiles/CMakeTmp'
gmake: *** [Makefile:127: cmTC_1f17d/fast] Error 2


Source file was:
int main(void) { return 0; }
Determining if the _aligned_malloc exist failed with the following output:
Change Dir: /home/ubuntu/github/gottingen/titan-ann/build/CMakeFiles/CMakeTmp

Run Build Command(s):/usr/bin/gmake -f Makefile cmTC_c7a84/fast && /usr/bin/gmake  -f CMakeFiles/cmTC_c7a84.dir/build.make CMakeFiles/cmTC_c7a84.dir/build
gmake[1]: 进入目录“/home/ubuntu/github/gottingen/titan-ann/build/CMakeFiles/CMakeTmp”
Building C object CMakeFiles/cmTC_c7a84.dir/CheckSymbolExists.c.o
/usr/bin/cc   -Wall -Wcast-qual -Wimplicit-fallthrough -Wsign-compare -Wno-extra -Wno-pedantic -Wno-maybe-uninitialized  -o CMakeFiles/cmTC_c7a84.dir/CheckSymbolExists.c.o -c /home/ubuntu/github/gottingen/titan-ann/build/CMakeFiles/CMakeTmp/CheckSymbolExists.c
/home/ubuntu/github/gottingen/titan-ann/build/CMakeFiles/CMakeTmp/CheckSymbolExists.c: In function ‘main’:
/home/ubuntu/github/gottingen/titan-ann/build/CMakeFiles/CMakeTmp/CheckSymbolExists.c:8:19: error: ‘_aligned_malloc’ undeclared (first use in this function)
    8 |   return ((int*)(&_aligned_malloc))[argc];
      |                   ^~~~~~~~~~~~~~~
/home/ubuntu/github/gottingen/titan-ann/build/CMakeFiles/CMakeTmp/CheckSymbolExists.c:8:19: note: each undeclared identifier is reported only once for each function it appears in
gmake[1]: *** [CMakeFiles/cmTC_c7a84.dir/build.make:78：CMakeFiles/cmTC_c7a84.dir/CheckSymbolExists.c.o] 错误 1
gmake[1]: 离开目录“/home/ubuntu/github/gottingen/titan-ann/build/CMakeFiles/CMakeTmp”
gmake: *** [Makefile:127：cmTC_c7a84/fast] 错误 2


File /home/ubuntu/github/gottingen/titan-ann/build/CMakeFiles/CMakeTmp/CheckSymbolExists.c:
/* */
#include <malloc.h>

int main(int argc, char** argv)
{
  (void)argv;
#ifndef _aligned_malloc
  return ((int*)(&_aligned_malloc))[argc];
#else
  (void)argc;
  return 0;
#endif
}
Performing C SOURCE FILE Test LIBOMP_HAVE_PSAPI failed with the following output:
Change Dir: /home/ubuntu/github/gottingen/titan-ann/build/CMakeFiles/CMakeTmp

Run Build Command(s):/usr/bin/gmake -f Makefile cmTC_0a3aa/fast && /usr/bin/gmake  -f CMakeFiles/cmTC_0a3aa.dir/build.make CMakeFiles/cmTC_0a3aa.dir/build
gmake[1]: 进入目录“/home/ubuntu/github/gottingen/titan-ann/build/CMakeFiles/CMakeTmp”
Building C object CMakeFiles/cmTC_0a3aa.dir/src.c.o
/usr/bin/cc -DLIBOMP_HAVE_PSAPI  -Wall -Wcast-qual -Wimplicit-fallthrough -Wsign-compare -Wno-extra -Wno-pedantic -Wno-maybe-uninitialized  -o CMakeFiles/cmTC_0a3aa.dir/src.c.o -c /home/ubuntu/github/gottingen/titan-ann/build/CMakeFiles/CMakeTmp/src.c
/home/ubuntu/github/gottingen/titan-ann/build/CMakeFiles/CMakeTmp/src.c:1:10: fatal error: windows.h: 没有那个文件或目录
    1 | #include <windows.h>
      |          ^~~~~~~~~~~
compilation terminated.
gmake[1]: *** [CMakeFiles/cmTC_0a3aa.dir/build.make:78：CMakeFiles/cmTC_0a3aa.dir/src.c.o] 错误 1
gmake[1]: 离开目录“/home/ubuntu/github/gottingen/titan-ann/build/CMakeFiles/CMakeTmp”
gmake: *** [Makefile:127：cmTC_0a3aa/fast] 错误 2


Source file was:
#include <windows.h>
  #include <psapi.h>
  int main(int artc, char** argv) {
    return EnumProcessModules(NULL, NULL, 0, NULL);
  }
Determining if the function __atomic_load_1 exists failed with the following output:
Change Dir: /home/ubuntu/github/gottingen/titan-ann/build/CMakeFiles/CMakeTmp

Run Build Command(s):/usr/bin/gmake -f Makefile cmTC_5444a/fast && /usr/bin/gmake  -f CMakeFiles/cmTC_5444a.dir/build.make CMakeFiles/cmTC_5444a.dir/build
gmake[1]: 进入目录“/home/ubuntu/github/gottingen/titan-ann/build/CMakeFiles/CMakeTmp”
Building C object CMakeFiles/cmTC_5444a.dir/CheckFunctionExists.c.o
/usr/bin/cc   -Wall -Wcast-qual -Wimplicit-fallthrough -Wsign-compare -Wno-extra -Wno-pedantic -Wno-maybe-uninitialized -DCHECK_FUNCTION_EXISTS=__atomic_load_1 -o CMakeFiles/cmTC_5444a.dir/CheckFunctionExists.c.o -c /usr/share/cmake-3.22/Modules/CheckFunctionExists.c
<command-line>: warning: conflicting types for built-in function ‘__atomic_load_1’; expected ‘unsigned char(const volatile void *, int)’ [-Wbuiltin-declaration-mismatch]
<command-line>: note: in definition of macro ‘CHECK_FUNCTION_EXISTS’
Linking C executable cmTC_5444a
/usr/bin/cmake -E cmake_link_script CMakeFiles/cmTC_5444a.dir/link.txt --verbose=1
/usr/bin/cc  -Wall -Wcast-qual -Wimplicit-fallthrough -Wsign-compare -Wno-extra -Wno-pedantic -Wno-maybe-uninitialized -DCHECK_FUNCTION_EXISTS=__atomic_load_1 CMakeFiles/cmTC_5444a.dir/CheckFunctionExists.c.o -o cmTC_5444a 
/usr/bin/ld: CMakeFiles/cmTC_5444a.dir/CheckFunctionExists.c.o: in function `main':
CheckFunctionExists.c:(.text+0x14): undefined reference to `__atomic_load_1'
collect2: error: ld returned 1 exit status
gmake[1]: *** [CMakeFiles/cmTC_5444a.dir/build.make:99：cmTC_5444a] 错误 1
gmake[1]: 离开目录“/home/ubuntu/github/gottingen/titan-ann/build/CMakeFiles/CMakeTmp”
gmake: *** [Makefile:127：cmTC_5444a/fast] 错误 2



Determining if the function __atomic_load_1 exists failed with the following output:
Change Dir: /home/ubuntu/github/gottingen/titan-ann/build/CMakeFiles/CMakeTmp

Run Build Command(s):/usr/bin/gmake -f Makefile cmTC_a0a1b/fast && /usr/bin/gmake  -f CMakeFiles/cmTC_a0a1b.dir/build.make CMakeFiles/cmTC_a0a1b.dir/build
gmake[1]: 进入目录“/home/ubuntu/github/gottingen/titan-ann/build/CMakeFiles/CMakeTmp”
Building C object CMakeFiles/cmTC_a0a1b.dir/CheckFunctionExists.c.o
/usr/bin/cc   -Wall -Wcast-qual -Wimplicit-fallthrough -Wsign-compare -Wno-extra -Wno-pedantic -Wno-maybe-uninitialized -DCHECK_FUNCTION_EXISTS=__atomic_load_1 -o CMakeFiles/cmTC_a0a1b.dir/CheckFunctionExists.c.o -c /usr/share/cmake-3.22/Modules/CheckFunctionExists.c
<command-line>: warning: conflicting types for built-in function ‘__atomic_load_1’; expected ‘unsigned char(const volatile void *, int)’ [-Wbuiltin-declaration-mismatch]
<command-line>: note: in definition of macro ‘CHECK_FUNCTION_EXISTS’
Linking C executable cmTC_a0a1b
/usr/bin/cmake -E cmake_link_script CMakeFiles/cmTC_a0a1b.dir/link.txt --verbose=1
/usr/bin/cc  -Wall -Wcast-qual -Wimplicit-fallthrough -Wsign-compare -Wno-extra -Wno-pedantic -Wno-maybe-uninitialized -DCHECK_FUNCTION_EXISTS=__atomic_load_1 CMakeFiles/cmTC_a0a1b.dir/CheckFunctionExists.c.o -o cmTC_a0a1b 
/usr/bin/ld: CMakeFiles/cmTC_a0a1b.dir/CheckFunctionExists.c.o: in function `main':
CheckFunctionExists.c:(.text+0x14): undefined reference to `__atomic_load_1'
collect2: error: ld returned 1 exit status
gmake[1]: *** [CMakeFiles/cmTC_a0a1b.dir/build.make:99：cmTC_a0a1b] 错误 1
gmake[1]: 离开目录“/home/ubuntu/github/gottingen/titan-ann/build/CMakeFiles/CMakeTmp”
gmake: *** [Makefile:127：cmTC_a0a1b/fast] 错误 2



